{"uid":"1eb0f22d855837ce","name":"02 Create Project","fullName":"02 Create Project","historyId":"02 Create Project","time":{"start":1686378722277,"stop":1686378723438,"duration":1161},"status":"failed","statusMessage":"element click intercepted: Element <button aria-label=\"Add project\" type=\"button\" aria-disabled=\"false\" tabindex=\"0\" class=\"_8313bd46 f169a390 _8b7f1a82 _8644eccb _2a3b75a1\">...</button> is not clickable at point (245, 244). Other element would receive the click: <div class=\"GB_overlay\" style=\"z-index: 995; opacity: 0.8; width: 100%; height: 1080px;\"></div>\n  (Session info: headless chrome=113.0.5672.126)","statusTrace":"OpenQA.Selenium.ElementClickInterceptedException: element click intercepted: Element <button aria-label=\"Add project\" type=\"button\" aria-disabled=\"false\" tabindex=\"0\" class=\"_8313bd46 f169a390 _8b7f1a82 _8644eccb _2a3b75a1\">...</button> is not clickable at point (245, 244). Other element would receive the click: <div class=\"GB_overlay\" style=\"z-index: 995; opacity: 0.8; width: 100%; height: 1080px;\"></div>\n  (Session info: headless chrome=113.0.5672.126)\n   at OpenQA.Selenium.WebDriver.UnpackAndThrowOnError(Response errorResponse, String commandToExecute)\n   at OpenQA.Selenium.WebDriver.Execute(String driverCommandToExecute, Dictionary`2 parameters)\n   at OpenQA.Selenium.WebDriver.InternalExecute(String driverCommandToExecute, Dictionary`2 parameters)\n   at OpenQA.Selenium.WebElement.Execute(String commandToExecute, Dictionary`2 parameters)\n   at OpenQA.Selenium.WebElement.Click()\n   at SeleniumTCS.code.control.ControlSelenium.Click() in /home/runner/work/ReportAllureSelenium/ReportAllureSelenium/SeleniumTCS/src/code/control/ControlSelenium.cs:line 24\n   at SeleniumTCS.Steps.ProjectManagement.GivenIGoToTheLeftMenu() in /home/runner/work/ReportAllureSelenium/ReportAllureSelenium/SeleniumTCS/src/Steps/ProjectManagement.cs:line 44\n   at TechTalk.SpecFlow.Bindings.BindingInvoker.InvokeBinding(IBinding binding, IContextManager contextManager, Object[] arguments, ITestTracer testTracer, TimeSpan& duration)\n   at Allure.SpecFlowPlugin.AllureBindingInvoker.InvokeBinding(IBinding binding, IContextManager contextManager, Object[] arguments, ITestTracer testTracer, TimeSpan& duration)\n   at TechTalk.SpecFlow.Infrastructure.TestExecutionEngine.ExecuteStepMatch(BindingMatch match, Object[] arguments, TimeSpan& duration)\n   at TechTalk.SpecFlow.Infrastructure.TestExecutionEngine.ExecuteStep(IContextManager contextManager, StepInstance stepInstance)","flaky":false,"newFailed":false,"newBroken":false,"newPassed":false,"retriesCount":0,"retriesStatusChange":false,"beforeStages":[],"testStage":{"status":"failed","statusMessage":"element click intercepted: Element <button aria-label=\"Add project\" type=\"button\" aria-disabled=\"false\" tabindex=\"0\" class=\"_8313bd46 f169a390 _8b7f1a82 _8644eccb _2a3b75a1\">...</button> is not clickable at point (245, 244). Other element would receive the click: <div class=\"GB_overlay\" style=\"z-index: 995; opacity: 0.8; width: 100%; height: 1080px;\"></div>\n  (Session info: headless chrome=113.0.5672.126)","statusTrace":"OpenQA.Selenium.ElementClickInterceptedException: element click intercepted: Element <button aria-label=\"Add project\" type=\"button\" aria-disabled=\"false\" tabindex=\"0\" class=\"_8313bd46 f169a390 _8b7f1a82 _8644eccb _2a3b75a1\">...</button> is not clickable at point (245, 244). Other element would receive the click: <div class=\"GB_overlay\" style=\"z-index: 995; opacity: 0.8; width: 100%; height: 1080px;\"></div>\n  (Session info: headless chrome=113.0.5672.126)\n   at OpenQA.Selenium.WebDriver.UnpackAndThrowOnError(Response errorResponse, String commandToExecute)\n   at OpenQA.Selenium.WebDriver.Execute(String driverCommandToExecute, Dictionary`2 parameters)\n   at OpenQA.Selenium.WebDriver.InternalExecute(String driverCommandToExecute, Dictionary`2 parameters)\n   at OpenQA.Selenium.WebElement.Execute(String commandToExecute, Dictionary`2 parameters)\n   at OpenQA.Selenium.WebElement.Click()\n   at SeleniumTCS.code.control.ControlSelenium.Click() in /home/runner/work/ReportAllureSelenium/ReportAllureSelenium/SeleniumTCS/src/code/control/ControlSelenium.cs:line 24\n   at SeleniumTCS.Steps.ProjectManagement.GivenIGoToTheLeftMenu() in /home/runner/work/ReportAllureSelenium/ReportAllureSelenium/SeleniumTCS/src/Steps/ProjectManagement.cs:line 44\n   at TechTalk.SpecFlow.Bindings.BindingInvoker.InvokeBinding(IBinding binding, IContextManager contextManager, Object[] arguments, ITestTracer testTracer, TimeSpan& duration)\n   at Allure.SpecFlowPlugin.AllureBindingInvoker.InvokeBinding(IBinding binding, IContextManager contextManager, Object[] arguments, ITestTracer testTracer, TimeSpan& duration)\n   at TechTalk.SpecFlow.Infrastructure.TestExecutionEngine.ExecuteStepMatch(BindingMatch match, Object[] arguments, TimeSpan& duration)\n   at TechTalk.SpecFlow.Infrastructure.TestExecutionEngine.ExecuteStep(IContextManager contextManager, StepInstance stepInstance)","steps":[{"name":"Given  I go to the left menu","time":{"start":1686378722277,"stop":1686378723431,"duration":1154},"status":"failed","steps":[],"attachments":[],"parameters":[],"stepsCount":0,"attachmentsCount":0,"shouldDisplayMessage":false,"hasContent":false},{"name":"And  I set the data of my project","time":{"start":1686378723432,"stop":1686378723433,"duration":1},"status":"skipped","steps":[],"attachments":[],"parameters":[],"stepsCount":0,"attachmentsCount":0,"shouldDisplayMessage":false,"hasContent":false},{"name":"When  I click on add project confirmation button","time":{"start":1686378723435,"stop":1686378723435,"duration":0},"status":"skipped","steps":[],"attachments":[],"parameters":[],"stepsCount":0,"attachmentsCount":0,"shouldDisplayMessage":false,"hasContent":false},{"name":"Then  My project should be displayed on the projects list","time":{"start":1686378723435,"stop":1686378723435,"duration":0},"status":"skipped","steps":[],"attachments":[],"parameters":[],"stepsCount":0,"attachmentsCount":0,"shouldDisplayMessage":false,"hasContent":false}],"attachments":[],"parameters":[],"stepsCount":4,"attachmentsCount":0,"shouldDisplayMessage":true,"hasContent":true},"afterStages":[],"labels":[{"name":"thread","value":"NonParallelWorker"},{"name":"host","value":"fv-az446-540"},{"name":"feature","value":"Task_Managament"},{"name":"resultFormat","value":"allure2"}],"parameters":[],"links":[],"hidden":false,"retry":false,"extra":{"severity":"normal","retries":[],"categories":[{"name":"Product defects","matchedStatuses":[],"flaky":false}],"tags":[]},"source":"1eb0f22d855837ce.json","parameterValues":[]}